app/build/intermediates/manifest_merge_blame_file/debug/processDebugMainManifest/manifest-merger-blame-debug-report.txt
1<?xml version="1.0" encoding="utf-8"?>
2<manifest xmlns:android="http://schemas.android.com/apk/res/android"
3    package="com.easyfield"
4    android:versionCode="1"
5    android:versionName="1.0" >
6
7    <uses-sdk
8        android:minSdkVersion="26"
9        android:targetSdkVersion="36" />
10
11    <uses-permission android:name="android.permission.INTERNET" />
11-->src\main\AndroidManifest.xml:7:5-67
11-->src\main\AndroidManifest.xml:7:22-64
12    <uses-permission android:name="android.permission.ACCESS_NETWORK_STATE" />
12-->src\main\AndroidManifest.xml:8:5-79
12-->src\main\AndroidManifest.xml:8:22-76
13    <uses-permission android:name="android.permission.CAMERA" />
13-->src\main\AndroidManifest.xml:9:5-65
13-->src\main\AndroidManifest.xml:9:22-62
14    <uses-permission android:name="android.permission.POST_NOTIFICATIONS" />
14-->src\main\AndroidManifest.xml:10:5-77
14-->src\main\AndroidManifest.xml:10:22-74
15    <uses-permission android:name="android.permission.FOREGROUND_SERVICE" />
15-->src\main\AndroidManifest.xml:11:5-77
15-->src\main\AndroidManifest.xml:11:22-74
16    <uses-permission android:name="android.permission.READ_PHONE_STATE" />
16-->src\main\AndroidManifest.xml:12:5-75
16-->src\main\AndroidManifest.xml:12:22-72
17    <uses-permission android:name="android.permission.FOREGROUND_SERVICE_LOCATION" />
17-->src\main\AndroidManifest.xml:13:5-85
17-->src\main\AndroidManifest.xml:13:22-83
18    <uses-permission android:name="android.permission.ACCESS_COARSE_LOCATION" />
18-->src\main\AndroidManifest.xml:14:5-80
18-->src\main\AndroidManifest.xml:14:22-78
19    <uses-permission android:name="android.permission.ACCESS_FINE_LOCATION" />
19-->src\main\AndroidManifest.xml:15:5-78
19-->src\main\AndroidManifest.xml:15:22-76
20    <uses-permission android:name="android.permission.REQUEST_IGNORE_BATTERY_OPTIMIZATIONS" />
20-->src\main\AndroidManifest.xml:16:5-94
20-->src\main\AndroidManifest.xml:16:22-92
21    <uses-permission android:name="android.permission.ACCESS_BACKGROUND_LOCATION" />
21-->src\main\AndroidManifest.xml:17:5-84
21-->src\main\AndroidManifest.xml:17:22-82
22    <uses-permission android:name="android.permission.WRITE_EXTERNAL_STORAGE" />
22-->src\main\AndroidManifest.xml:19:5-21:40
22-->src\main\AndroidManifest.xml:20:9-65
23    <uses-permission android:name="android.permission.RECEIVE_BOOT_COMPLETED" />
23-->src\main\AndroidManifest.xml:23:5-81
23-->src\main\AndroidManifest.xml:23:22-78
24
25    <uses-feature
25-->src\main\AndroidManifest.xml:25:5-27:36
26        android:name="android.hardware.camera"
26-->src\main\AndroidManifest.xml:26:9-47
27        android:required="false" />
27-->src\main\AndroidManifest.xml:27:9-33
28    <uses-feature
28-->src\main\AndroidManifest.xml:28:5-30:36
29        android:name="android.hardware.camera.autofocus"
29-->src\main\AndroidManifest.xml:29:9-57
30        android:required="false" />
30-->src\main\AndroidManifest.xml:30:9-33
31    <uses-feature
31-->src\main\AndroidManifest.xml:31:5-33:36
32        android:name="android.hardware.camera.flash"
32-->src\main\AndroidManifest.xml:32:9-53
33        android:required="false" />
33-->src\main\AndroidManifest.xml:33:9-33
34    <uses-feature
34-->src\main\AndroidManifest.xml:34:5-36:36
35        android:name="android.hardware.location.gps"
35-->src\main\AndroidManifest.xml:35:9-53
36        android:required="false" />
36-->src\main\AndroidManifest.xml:36:9-33
37    <uses-feature
37-->src\main\AndroidManifest.xml:37:5-39:36
38        android:name="android.hardware.telephony"
38-->src\main\AndroidManifest.xml:38:9-50
39        android:required="false" />
39-->src\main\AndroidManifest.xml:39:9-33
40
41    <uses-permission android:name="android.permission.WAKE_LOCK" /> <!-- Required by older versions of Google Play services to create IID tokens -->
41-->[com.google.firebase:firebase-messaging:23.4.0] AndroidManifest.xml:24:5-68
41-->[com.google.firebase:firebase-messaging:23.4.0] AndroidManifest.xml:24:22-65
42    <uses-permission android:name="com.google.android.c2dm.permission.RECEIVE" />
42-->[com.google.firebase:firebase-messaging:23.4.0] AndroidManifest.xml:26:5-82
42-->[com.google.firebase:firebase-messaging:23.4.0] AndroidManifest.xml:26:22-79
43    <uses-permission android:name="com.google.android.gms.permission.AD_ID" />
43-->[com.google.android.gms:play-services-measurement-api:21.5.0] AndroidManifest.xml:25:5-79
43-->[com.google.android.gms:play-services-measurement-api:21.5.0] AndroidManifest.xml:25:22-76
44    <uses-permission android:name="android.permission.ACCESS_ADSERVICES_ATTRIBUTION" />
44-->[com.google.android.gms:play-services-measurement-api:21.5.0] AndroidManifest.xml:26:5-88
44-->[com.google.android.gms:play-services-measurement-api:21.5.0] AndroidManifest.xml:26:22-85
45    <uses-permission android:name="android.permission.ACCESS_ADSERVICES_AD_ID" />
45-->[com.google.android.gms:play-services-measurement-api:21.5.0] AndroidManifest.xml:27:5-82
45-->[com.google.android.gms:play-services-measurement-api:21.5.0] AndroidManifest.xml:27:22-79
46    <uses-permission android:name="com.google.android.providers.gsf.permission.READ_GSERVICES" />
46-->[com.google.android.recaptcha:recaptcha:18.4.0] AndroidManifest.xml:9:5-98
46-->[com.google.android.recaptcha:recaptcha:18.4.0] AndroidManifest.xml:9:22-95
47    <uses-permission android:name="com.google.android.finsky.permission.BIND_GET_INSTALL_REFERRER_SERVICE" />
47-->[com.google.android.gms:play-services-measurement:21.5.0] AndroidManifest.xml:26:5-110
47-->[com.google.android.gms:play-services-measurement:21.5.0] AndroidManifest.xml:26:22-107
48
49    <permission
49-->[androidx.core:core:1.15.0] AndroidManifest.xml:22:5-24:47
50        android:name="com.easyfield.DYNAMIC_RECEIVER_NOT_EXPORTED_PERMISSION"
50-->[androidx.core:core:1.15.0] AndroidManifest.xml:23:9-81
51        android:protectionLevel="signature" />
51-->[androidx.core:core:1.15.0] AndroidManifest.xml:24:9-44
52
53    <uses-permission android:name="com.easyfield.DYNAMIC_RECEIVER_NOT_EXPORTED_PERMISSION" />
53-->[androidx.core:core:1.15.0] AndroidManifest.xml:26:5-97
53-->[androidx.core:core:1.15.0] AndroidManifest.xml:26:22-94
54
55    <application
55-->src\main\AndroidManifest.xml:41:5-136:19
56        android:name="com.easyfield.utils.Kirtiman"
56-->src\main\AndroidManifest.xml:42:9-39
57        android:allowBackup="false"
57-->src\main\AndroidManifest.xml:43:9-36
58        android:appComponentFactory="androidx.core.app.CoreComponentFactory"
58-->[androidx.core:core:1.15.0] AndroidManifest.xml:28:18-86
59        android:dataExtractionRules="@xml/data_extraction_rules"
59-->src\main\AndroidManifest.xml:44:9-65
60        android:debuggable="true"
61        android:enableOnBackInvokedCallback="true"
61-->src\main\AndroidManifest.xml:48:9-51
62        android:extractNativeLibs="false"
63        android:fullBackupContent="@xml/backup_rules"
63-->src\main\AndroidManifest.xml:45:9-54
64        android:icon="@mipmap/ic_launcher"
64-->src\main\AndroidManifest.xml:46:9-43
65        android:label="@string/app_name"
65-->src\main\AndroidManifest.xml:47:9-41
66        android:roundIcon="@mipmap/ic_launcher_round"
66-->src\main\AndroidManifest.xml:49:9-54
67        android:supportsRtl="true"
67-->src\main\AndroidManifest.xml:50:9-35
68        android:testOnly="true"
69        android:theme="@style/Theme.AxisSeedsAndCrop" >
69-->src\main\AndroidManifest.xml:51:9-54
70        <activity
70-->src\main\AndroidManifest.xml:55:9-66:20
71            android:name="com.easyfield.activities.MainActivity"
71-->src\main\AndroidManifest.xml:56:13-52
72            android:exported="true"
72-->src\main\AndroidManifest.xml:57:13-36
73            android:screenOrientation="portrait" >
73-->src\main\AndroidManifest.xml:58:13-49
74            <intent-filter>
74-->src\main\AndroidManifest.xml:61:13-65:29
75                <action android:name="android.intent.action.MAIN" />
75-->src\main\AndroidManifest.xml:62:17-69
75-->src\main\AndroidManifest.xml:62:25-66
76
77                <category android:name="android.intent.category.LAUNCHER" />
77-->src\main\AndroidManifest.xml:64:17-77
77-->src\main\AndroidManifest.xml:64:27-74
78            </intent-filter>
79        </activity>
80        <activity
80-->src\main\AndroidManifest.xml:67:9-71:15
81            android:name="com.easyfield.activities.HomeActivity"
81-->src\main\AndroidManifest.xml:68:13-52
82            android:exported="true"
82-->src\main\AndroidManifest.xml:69:13-36
83            android:screenOrientation="portrait" />
83-->src\main\AndroidManifest.xml:70:13-49
84        <activity
84-->src\main\AndroidManifest.xml:72:9-74:15
85            android:name="com.easyfield.activities.HelpActivity"
85-->src\main\AndroidManifest.xml:72:19-58
86            android:exported="true"
86-->src\main\AndroidManifest.xml:72:61-84
87            android:screenOrientation="portrait" />
87-->src\main\AndroidManifest.xml:73:13-49
88
89        <service
89-->src\main\AndroidManifest.xml:76:9-80:15
90            android:name="com.easyfield.location.NewLocationService"
90-->src\main\AndroidManifest.xml:77:13-69
91            android:exported="false"
91-->src\main\AndroidManifest.xml:79:13-37
92            android:foregroundServiceType="location" />
92-->src\main\AndroidManifest.xml:78:13-53
93
94        <receiver
94-->src\main\AndroidManifest.xml:83:9-90:20
95            android:name="com.easyfield.location.ServiceStopBroadcastReceiver"
95-->src\main\AndroidManifest.xml:84:13-66
96            android:enabled="true"
96-->src\main\AndroidManifest.xml:85:13-35
97            android:exported="false" >
97-->src\main\AndroidManifest.xml:86:13-37
98            <intent-filter>
98-->src\main\AndroidManifest.xml:87:13-89:29
99                <action android:name="kirtiman.location.ServiceStopBroadcastReceiver" />
99-->src\main\AndroidManifest.xml:88:17-89
99-->src\main\AndroidManifest.xml:88:25-86
100            </intent-filter>
101        </receiver>
102        <receiver
102-->src\main\AndroidManifest.xml:92:9-99:20
103            android:name="com.easyfield.location.BootCompleteBroadcastReceiver"
103-->src\main\AndroidManifest.xml:93:13-67
104            android:enabled="true"
104-->src\main\AndroidManifest.xml:94:13-35
105            android:exported="true" >
105-->src\main\AndroidManifest.xml:95:13-36
106            <intent-filter>
106-->src\main\AndroidManifest.xml:96:13-98:29
107                <action android:name="android.intent.action.BOOT_COMPLETED" />
107-->src\main\AndroidManifest.xml:97:17-79
107-->src\main\AndroidManifest.xml:97:25-76
108            </intent-filter>
109        </receiver>
110
111        <provider
112            android:name="androidx.core.content.FileProvider"
112-->src\main\AndroidManifest.xml:102:13-62
113            android:authorities="com.easyfield.provider"
113-->src\main\AndroidManifest.xml:103:13-60
114            android:exported="false"
114-->src\main\AndroidManifest.xml:104:13-37
115            android:grantUriPermissions="true" >
115-->src\main\AndroidManifest.xml:105:13-47
116            <meta-data
116-->src\main\AndroidManifest.xml:106:13-108:58
117                android:name="android.support.FILE_PROVIDER_PATHS"
117-->src\main\AndroidManifest.xml:107:17-67
118                android:resource="@xml/provider_paths" />
118-->src\main\AndroidManifest.xml:108:17-55
119        </provider>
120        <!-- <service -->
121        <!-- android:name=".EasyFieldFirebaseMessagingService" -->
122        <!-- android:exported="false"> -->
123        <!-- <intent-filter> -->
124        <!-- <action android:name="com.google.firebase.MESSAGING_EVENT" /> -->
125        <!-- </intent-filter> -->
126        <!-- </service> -->
127
128
129        <!-- <meta-data -->
130        <!-- android:name="com.google.firebase.messaging.default_notification_icon" -->
131        <!-- android:resource="@drawable/ic_stat_notification" /> -->
132        <!-- &lt;!&ndash; Set color used with incoming notification messages. This is used when no color is set for the incoming -->
133        <!-- notification message. See README(https://goo.gl/6BKBk7) for more. &ndash;&gt; -->
134        <!-- <meta-data -->
135        <!-- android:name="com.google.firebase.messaging.default_notification_color" -->
136        <!-- android:resource="@color/green" /> -->
137        <!-- &lt;!&ndash; [END fcm_default_icon] &ndash;&gt; -->
138        <!-- &lt;!&ndash; [START fcm_default_channel] &ndash;&gt; -->
139        <!-- <meta-data -->
140        <!-- android:name="com.google.firebase.messaging.default_notification_channel_id" -->
141        <!-- android:value="@string/default_notification_channel_id" /> -->
142        <!-- &lt;!&ndash; [END fcm_default_channel] &ndash;&gt; -->
143        <!-- <meta-data -->
144        <!-- android:name="isMonitoringTool" -->
145        <!-- android:value="enterprise_management" /> -->
146        <provider
146-->[androidx.emoji2:emoji2:1.3.0] AndroidManifest.xml:24:9-32:20
147            android:name="androidx.startup.InitializationProvider"
147-->[androidx.emoji2:emoji2:1.3.0] AndroidManifest.xml:25:13-67
148            android:authorities="com.easyfield.androidx-startup"
148-->[androidx.emoji2:emoji2:1.3.0] AndroidManifest.xml:26:13-68
149            android:exported="false" >
149-->[androidx.emoji2:emoji2:1.3.0] AndroidManifest.xml:27:13-37
150            <meta-data
150-->[androidx.emoji2:emoji2:1.3.0] AndroidManifest.xml:29:13-31:52
151                android:name="androidx.emoji2.text.EmojiCompatInitializer"
151-->[androidx.emoji2:emoji2:1.3.0] AndroidManifest.xml:30:17-75
152                android:value="androidx.startup" />
152-->[androidx.emoji2:emoji2:1.3.0] AndroidManifest.xml:31:17-49
153            <meta-data
153-->[androidx.work:work-runtime:2.10.0] AndroidManifest.xml:34:13-36:52
154                android:name="androidx.work.WorkManagerInitializer"
154-->[androidx.work:work-runtime:2.10.0] AndroidManifest.xml:35:17-68
155                android:value="androidx.startup" />
155-->[androidx.work:work-runtime:2.10.0] AndroidManifest.xml:36:17-49
156            <meta-data
156-->[androidx.lifecycle:lifecycle-process:2.8.7] AndroidManifest.xml:29:13-31:52
157                android:name="androidx.lifecycle.ProcessLifecycleInitializer"
157-->[androidx.lifecycle:lifecycle-process:2.8.7] AndroidManifest.xml:30:17-78
158                android:value="androidx.startup" />
158-->[androidx.lifecycle:lifecycle-process:2.8.7] AndroidManifest.xml:31:17-49
159            <meta-data
159-->[androidx.profileinstaller:profileinstaller:1.4.0] AndroidManifest.xml:29:13-31:52
160                android:name="androidx.profileinstaller.ProfileInstallerInitializer"
160-->[androidx.profileinstaller:profileinstaller:1.4.0] AndroidManifest.xml:30:17-85
161                android:value="androidx.startup" />
161-->[androidx.profileinstaller:profileinstaller:1.4.0] AndroidManifest.xml:31:17-49
162        </provider>
163
164        <activity
164-->[com.google.firebase:firebase-auth:22.3.1] AndroidManifest.xml:29:9-46:20
165            android:name="com.google.firebase.auth.internal.GenericIdpActivity"
165-->[com.google.firebase:firebase-auth:22.3.1] AndroidManifest.xml:30:13-80
166            android:excludeFromRecents="true"
166-->[com.google.firebase:firebase-auth:22.3.1] AndroidManifest.xml:31:13-46
167            android:exported="true"
167-->[com.google.firebase:firebase-auth:22.3.1] AndroidManifest.xml:32:13-36
168            android:launchMode="singleTask"
168-->[com.google.firebase:firebase-auth:22.3.1] AndroidManifest.xml:33:13-44
169            android:theme="@android:style/Theme.Translucent.NoTitleBar" >
169-->[com.google.firebase:firebase-auth:22.3.1] AndroidManifest.xml:34:13-72
170            <intent-filter>
170-->[com.google.firebase:firebase-auth:22.3.1] AndroidManifest.xml:35:13-45:29
171                <action android:name="android.intent.action.VIEW" />
171-->[com.google.firebase:firebase-auth:22.3.1] AndroidManifest.xml:36:17-69
171-->[com.google.firebase:firebase-auth:22.3.1] AndroidManifest.xml:36:25-66
172
173                <category android:name="android.intent.category.DEFAULT" />
173-->[com.google.firebase:firebase-auth:22.3.1] AndroidManifest.xml:38:17-76
173-->[com.google.firebase:firebase-auth:22.3.1] AndroidManifest.xml:38:27-73
174                <category android:name="android.intent.category.BROWSABLE" />
174-->[com.google.firebase:firebase-auth:22.3.1] AndroidManifest.xml:39:17-78
174-->[com.google.firebase:firebase-auth:22.3.1] AndroidManifest.xml:39:27-75
175
176                <data
176-->[com.google.firebase:firebase-auth:22.3.1] AndroidManifest.xml:41:17-44:51
177                    android:host="firebase.auth"
177-->[com.google.firebase:firebase-auth:22.3.1] AndroidManifest.xml:42:21-49
178                    android:path="/"
178-->[com.google.firebase:firebase-auth:22.3.1] AndroidManifest.xml:43:21-37
179                    android:scheme="genericidp" />
179-->[com.google.firebase:firebase-auth:22.3.1] AndroidManifest.xml:44:21-48
180            </intent-filter>
181        </activity>
182        <activity
182-->[com.google.firebase:firebase-auth:22.3.1] AndroidManifest.xml:47:9-64:20
183            android:name="com.google.firebase.auth.internal.RecaptchaActivity"
183-->[com.google.firebase:firebase-auth:22.3.1] AndroidManifest.xml:48:13-79
184            android:excludeFromRecents="true"
184-->[com.google.firebase:firebase-auth:22.3.1] AndroidManifest.xml:49:13-46
185            android:exported="true"
185-->[com.google.firebase:firebase-auth:22.3.1] AndroidManifest.xml:50:13-36
186            android:launchMode="singleTask"
186-->[com.google.firebase:firebase-auth:22.3.1] AndroidManifest.xml:51:13-44
187            android:theme="@android:style/Theme.Translucent.NoTitleBar" >
187-->[com.google.firebase:firebase-auth:22.3.1] AndroidManifest.xml:52:13-72
188            <intent-filter>
188-->[com.google.firebase:firebase-auth:22.3.1] AndroidManifest.xml:53:13-63:29
189                <action android:name="android.intent.action.VIEW" />
189-->[com.google.firebase:firebase-auth:22.3.1] AndroidManifest.xml:36:17-69
189-->[com.google.firebase:firebase-auth:22.3.1] AndroidManifest.xml:36:25-66
190
191                <category android:name="android.intent.category.DEFAULT" />
191-->[com.google.firebase:firebase-auth:22.3.1] AndroidManifest.xml:38:17-76
191-->[com.google.firebase:firebase-auth:22.3.1] AndroidManifest.xml:38:27-73
192                <category android:name="android.intent.category.BROWSABLE" />
192-->[com.google.firebase:firebase-auth:22.3.1] AndroidManifest.xml:39:17-78
192-->[com.google.firebase:firebase-auth:22.3.1] AndroidManifest.xml:39:27-75
193
194                <data
194-->[com.google.firebase:firebase-auth:22.3.1] AndroidManifest.xml:41:17-44:51
195                    android:host="firebase.auth"
195-->[com.google.firebase:firebase-auth:22.3.1] AndroidManifest.xml:42:21-49
196                    android:path="/"
196-->[com.google.firebase:firebase-auth:22.3.1] AndroidManifest.xml:43:21-37
197                    android:scheme="recaptcha" />
197-->[com.google.firebase:firebase-auth:22.3.1] AndroidManifest.xml:44:21-48
198            </intent-filter>
199        </activity>
200
201        <service
201-->[com.google.firebase:firebase-auth:22.3.1] AndroidManifest.xml:66:9-72:19
202            android:name="com.google.firebase.components.ComponentDiscoveryService"
202-->[com.google.firebase:firebase-auth:22.3.1] AndroidManifest.xml:67:13-84
203            android:directBootAware="true"
203-->[com.google.firebase:firebase-common:20.4.2] AndroidManifest.xml:32:13-43
204            android:exported="false" >
204-->[com.google.firebase:firebase-auth:22.3.1] AndroidManifest.xml:68:13-37
205            <meta-data
205-->[com.google.firebase:firebase-auth:22.3.1] AndroidManifest.xml:69:13-71:85
206                android:name="com.google.firebase.components:com.google.firebase.auth.FirebaseAuthRegistrar"
206-->[com.google.firebase:firebase-auth:22.3.1] AndroidManifest.xml:70:17-109
207                android:value="com.google.firebase.components.ComponentRegistrar" />
207-->[com.google.firebase:firebase-auth:22.3.1] AndroidManifest.xml:71:17-82
208            <meta-data
208-->[com.google.firebase:firebase-messaging-ktx:23.4.0] AndroidManifest.xml:26:13-28:85
209                android:name="com.google.firebase.components:com.google.firebase.messaging.ktx.FirebaseMessagingLegacyRegistrar"
209-->[com.google.firebase:firebase-messaging-ktx:23.4.0] AndroidManifest.xml:27:17-129
210                android:value="com.google.firebase.components.ComponentRegistrar" />
210-->[com.google.firebase:firebase-messaging-ktx:23.4.0] AndroidManifest.xml:28:17-82
211            <meta-data
211-->[com.google.firebase:firebase-messaging:23.4.0] AndroidManifest.xml:57:13-59:85
212                android:name="com.google.firebase.components:com.google.firebase.messaging.FirebaseMessagingKtxRegistrar"
212-->[com.google.firebase:firebase-messaging:23.4.0] AndroidManifest.xml:58:17-122
213                android:value="com.google.firebase.components.ComponentRegistrar" />
213-->[com.google.firebase:firebase-messaging:23.4.0] AndroidManifest.xml:59:17-82
214            <meta-data
214-->[com.google.firebase:firebase-messaging:23.4.0] AndroidManifest.xml:60:13-62:85
215                android:name="com.google.firebase.components:com.google.firebase.messaging.FirebaseMessagingRegistrar"
215-->[com.google.firebase:firebase-messaging:23.4.0] AndroidManifest.xml:61:17-119
216                android:value="com.google.firebase.components.ComponentRegistrar" />
216-->[com.google.firebase:firebase-messaging:23.4.0] AndroidManifest.xml:62:17-82
217            <meta-data
217-->[com.google.firebase:firebase-crashlytics:18.6.1] AndroidManifest.xml:15:13-17:85
218                android:name="com.google.firebase.components:com.google.firebase.crashlytics.FirebaseCrashlyticsKtxRegistrar"
218-->[com.google.firebase:firebase-crashlytics:18.6.1] AndroidManifest.xml:16:17-126
219                android:value="com.google.firebase.components.ComponentRegistrar" />
219-->[com.google.firebase:firebase-crashlytics:18.6.1] AndroidManifest.xml:17:17-82
220            <meta-data
220-->[com.google.firebase:firebase-crashlytics:18.6.1] AndroidManifest.xml:18:13-20:85
221                android:name="com.google.firebase.components:com.google.firebase.crashlytics.CrashlyticsRegistrar"
221-->[com.google.firebase:firebase-crashlytics:18.6.1] AndroidManifest.xml:19:17-115
222                android:value="com.google.firebase.components.ComponentRegistrar" />
222-->[com.google.firebase:firebase-crashlytics:18.6.1] AndroidManifest.xml:20:17-82
223            <meta-data
223-->[com.google.android.gms:play-services-measurement-api:21.5.0] AndroidManifest.xml:37:13-39:85
224                android:name="com.google.firebase.components:com.google.firebase.analytics.connector.internal.AnalyticsConnectorRegistrar"
224-->[com.google.android.gms:play-services-measurement-api:21.5.0] AndroidManifest.xml:38:17-139
225                android:value="com.google.firebase.components.ComponentRegistrar" />
225-->[com.google.android.gms:play-services-measurement-api:21.5.0] AndroidManifest.xml:39:17-82
226            <meta-data
226-->[com.google.firebase:firebase-sessions:1.2.1] AndroidManifest.xml:29:13-31:85
227                android:name="com.google.firebase.components:com.google.firebase.sessions.FirebaseSessionsRegistrar"
227-->[com.google.firebase:firebase-sessions:1.2.1] AndroidManifest.xml:30:17-117
228                android:value="com.google.firebase.components.ComponentRegistrar" />
228-->[com.google.firebase:firebase-sessions:1.2.1] AndroidManifest.xml:31:17-82
229            <meta-data
229-->[com.google.firebase:firebase-installations:17.2.0] AndroidManifest.xml:15:13-17:85
230                android:name="com.google.firebase.components:com.google.firebase.installations.FirebaseInstallationsKtxRegistrar"
230-->[com.google.firebase:firebase-installations:17.2.0] AndroidManifest.xml:16:17-130
231                android:value="com.google.firebase.components.ComponentRegistrar" />
231-->[com.google.firebase:firebase-installations:17.2.0] AndroidManifest.xml:17:17-82
232            <meta-data
232-->[com.google.firebase:firebase-installations:17.2.0] AndroidManifest.xml:18:13-20:85
233                android:name="com.google.firebase.components:com.google.firebase.installations.FirebaseInstallationsRegistrar"
233-->[com.google.firebase:firebase-installations:17.2.0] AndroidManifest.xml:19:17-127
234                android:value="com.google.firebase.components.ComponentRegistrar" />
234-->[com.google.firebase:firebase-installations:17.2.0] AndroidManifest.xml:20:17-82
235            <meta-data
235-->[com.google.firebase:firebase-common-ktx:20.4.2] AndroidManifest.xml:12:13-14:85
236                android:name="com.google.firebase.components:com.google.firebase.ktx.FirebaseCommonLegacyRegistrar"
236-->[com.google.firebase:firebase-common-ktx:20.4.2] AndroidManifest.xml:13:17-116
237                android:value="com.google.firebase.components.ComponentRegistrar" />
237-->[com.google.firebase:firebase-common-ktx:20.4.2] AndroidManifest.xml:14:17-82
238            <meta-data
238-->[com.google.firebase:firebase-common:20.4.2] AndroidManifest.xml:35:13-37:85
239                android:name="com.google.firebase.components:com.google.firebase.FirebaseCommonKtxRegistrar"
239-->[com.google.firebase:firebase-common:20.4.2] AndroidManifest.xml:36:17-109
240                android:value="com.google.firebase.components.ComponentRegistrar" />
240-->[com.google.firebase:firebase-common:20.4.2] AndroidManifest.xml:37:17-82
241            <meta-data
241-->[com.google.firebase:firebase-datatransport:18.1.8] AndroidManifest.xml:27:13-29:85
242                android:name="com.google.firebase.components:com.google.firebase.datatransport.TransportRegistrar"
242-->[com.google.firebase:firebase-datatransport:18.1.8] AndroidManifest.xml:28:17-115
243                android:value="com.google.firebase.components.ComponentRegistrar" />
243-->[com.google.firebase:firebase-datatransport:18.1.8] AndroidManifest.xml:29:17-82
244        </service>
245
246        <receiver
246-->[com.google.firebase:firebase-messaging:23.4.0] AndroidManifest.xml:29:9-40:20
247            android:name="com.google.firebase.iid.FirebaseInstanceIdReceiver"
247-->[com.google.firebase:firebase-messaging:23.4.0] AndroidManifest.xml:30:13-78
248            android:exported="true"
248-->[com.google.firebase:firebase-messaging:23.4.0] AndroidManifest.xml:31:13-36
249            android:permission="com.google.android.c2dm.permission.SEND" >
249-->[com.google.firebase:firebase-messaging:23.4.0] AndroidManifest.xml:32:13-73
250            <intent-filter>
250-->[com.google.firebase:firebase-messaging:23.4.0] AndroidManifest.xml:33:13-35:29
251                <action android:name="com.google.android.c2dm.intent.RECEIVE" />
251-->[com.google.firebase:firebase-messaging:23.4.0] AndroidManifest.xml:34:17-81
251-->[com.google.firebase:firebase-messaging:23.4.0] AndroidManifest.xml:34:25-78
252            </intent-filter>
253
254            <meta-data
254-->[com.google.firebase:firebase-messaging:23.4.0] AndroidManifest.xml:37:13-39:40
255                android:name="com.google.android.gms.cloudmessaging.FINISHED_AFTER_HANDLED"
255-->[com.google.firebase:firebase-messaging:23.4.0] AndroidManifest.xml:38:17-92
256                android:value="true" />
256-->[com.google.firebase:firebase-messaging:23.4.0] AndroidManifest.xml:39:17-37
257        </receiver>
258        <!--
259             FirebaseMessagingService performs security checks at runtime,
260             but set to not exported to explicitly avoid allowing another app to call it.
261        -->
262        <service
262-->[com.google.firebase:firebase-messaging:23.4.0] AndroidManifest.xml:46:9-53:19
263            android:name="com.google.firebase.messaging.FirebaseMessagingService"
263-->[com.google.firebase:firebase-messaging:23.4.0] AndroidManifest.xml:47:13-82
264            android:directBootAware="true"
264-->[com.google.firebase:firebase-messaging:23.4.0] AndroidManifest.xml:48:13-43
265            android:exported="false" >
265-->[com.google.firebase:firebase-messaging:23.4.0] AndroidManifest.xml:49:13-37
266            <intent-filter android:priority="-500" >
266-->[com.google.firebase:firebase-messaging:23.4.0] AndroidManifest.xml:50:13-52:29
266-->[com.google.firebase:firebase-messaging:23.4.0] AndroidManifest.xml:50:28-51
267                <action android:name="com.google.firebase.MESSAGING_EVENT" />
267-->[com.google.firebase:firebase-messaging:23.4.0] AndroidManifest.xml:51:17-78
267-->[com.google.firebase:firebase-messaging:23.4.0] AndroidManifest.xml:51:25-75
268            </intent-filter>
269        </service>
270
271        <activity
271-->[com.google.android.gms:play-services-base:18.5.0] AndroidManifest.xml:5:9-173
272            android:name="com.google.android.gms.common.api.GoogleApiActivity"
272-->[com.google.android.gms:play-services-base:18.5.0] AndroidManifest.xml:5:19-85
273            android:exported="false"
273-->[com.google.android.gms:play-services-base:18.5.0] AndroidManifest.xml:5:146-170
274            android:theme="@android:style/Theme.Translucent.NoTitleBar" />
274-->[com.google.android.gms:play-services-base:18.5.0] AndroidManifest.xml:5:86-145
275
276        <property
276-->[com.google.android.gms:play-services-measurement-api:21.5.0] AndroidManifest.xml:30:9-32:61
277            android:name="android.adservices.AD_SERVICES_CONFIG"
277-->[com.google.android.gms:play-services-measurement-api:21.5.0] AndroidManifest.xml:31:13-65
278            android:resource="@xml/ga_ad_services_config" />
278-->[com.google.android.gms:play-services-measurement-api:21.5.0] AndroidManifest.xml:32:13-58
279
280        <service
280-->[com.google.firebase:firebase-sessions:1.2.1] AndroidManifest.xml:22:9-25:40